<?xml version="1.0" encoding="UTF-8"?>
<!-- Generated by org.testng.reporters.JUnitXMLReporter -->
<testsuite ignored="0" hostname="DESKTOP-9IB47DV" failures="0" tests="2" name="Error Validations Test" time="70.845" errors="0" timestamp="2025-03-21T19:43:35 EDT">
  <testcase classname="learningAutomation.tests.ErrorValidationsTest" name="LoginErrorValidation" time="1.601"/>
  <testcase classname="learningAutomation.tests.ErrorValidationsTest" name="ProductErrorValidation" time="27.465"/>
</testsuite> <!-- Error Validations Test -->
