<?xml version="1.0" encoding="UTF-8"?>
<!-- Generated by org.testng.reporters.JUnitXMLReporter -->
<testsuite ignored="0" hostname="DESKTOP-9IB47DV" failures="0" tests="3" name="Submit Order Test" time="92.679" errors="0" timestamp="2025-03-21T19:43:56 EDT">
  <testcase classname="learningAutomation.tests.SubmitOrderTest" name="submitOrder" time="19.226"/>
  <testcase classname="learningAutomation.tests.SubmitOrderTest" name="submitOrder" time="19.01"/>
  <testcase classname="learningAutomation.tests.SubmitOrderTest" name="orderHistoryTest" time="2.449"/>
</testsuite> <!-- Submit Order Test -->
